<?xml version="1.0" encoding="UTF-8"?>
<!-- Generated by org.testng.reporters.JUnitReportReporter -->
<testsuite skipped="0" hostname="admin-PC" name="Runner.Configuration" tests="1" failures="0" timestamp="21 May 2021 12:07:47 GMT" time="1.869" errors="0">
  <testcase name="userCreation" time="1.869" classname="Runner.Configuration"/>
</testsuite> <!-- Runner.Configuration -->
